0 info it worked if it ends with ok
1 verbose cli [ 'D:\\Program Files\\nodejs\\node.exe',
1 verbose cli   'D:\\Program Files\\nodejs\\node_modules\\npm\\bin\\npm-cli.js',
1 verbose cli   'run',
1 verbose cli   'debug' ]
2 info using npm@3.7.3
3 info using node@v5.9.0
4 verbose run-script [ 'predebug', 'debug', 'postdebug' ]
5 info lifecycle koanext@1.0.0~predebug: koanext@1.0.0
6 silly lifecycle koanext@1.0.0~predebug: no script for predebug, continuing
7 info lifecycle koanext@1.0.0~debug: koanext@1.0.0
8 verbose lifecycle koanext@1.0.0~debug: unsafe-perm in lifecycle true
9 verbose lifecycle koanext@1.0.0~debug: PATH: D:\Program Files\nodejs\node_modules\npm\bin\node-gyp-bin;D:\vingo\github\koanext\node_modules\.bin;D:\Program Files\nodejs;C:\Users\vingo\bin;D:\Program Files (x86)\Git\mingw32\bin;D:\Program Files (x86)\Git\usr\local\bin;D:\Program Files (x86)\Git\usr\bin;D:\Program Files (x86)\Git\usr\bin;D:\Program Files (x86)\Git\mingw32\bin;D:\Program Files (x86)\Git\usr\bin;C:\Users\vingo\bin;C:\WINDOWS\system32;C:\WINDOWS;C:\WINDOWS\System32\Wbem;C:\WINDOWS\System32\WindowsPowerShell\v1.0;D:\Program Files\nodejs;D:\Program Files (x86)\Sublime Text 3;C:\Program Files\TortoiseGit\bin;C:\Users\vingo\AppData\Roaming\npm;D:\Program Files (x86)\Git\usr\bin\vendor_perl;D:\Program Files (x86)\Git\usr\bin\core_perl
10 verbose lifecycle koanext@1.0.0~debug: CWD: D:\vingo\github\koanext
11 silly lifecycle koanext@1.0.0~debug: Args: [ '/d /s /c', 'babel src -d lib && node-debug lib/app.js' ]
12 silly lifecycle koanext@1.0.0~debug: Returned: code: 1  signal: null
13 info lifecycle koanext@1.0.0~debug: Failed to exec debug script
14 verbose stack Error: koanext@1.0.0 debug: `babel src -d lib && node-debug lib/app.js`
14 verbose stack Exit status 1
14 verbose stack     at EventEmitter.<anonymous> (D:\Program Files\nodejs\node_modules\npm\lib\utils\lifecycle.js:239:16)
14 verbose stack     at emitTwo (events.js:100:13)
14 verbose stack     at EventEmitter.emit (events.js:185:7)
14 verbose stack     at ChildProcess.<anonymous> (D:\Program Files\nodejs\node_modules\npm\lib\utils\spawn.js:24:14)
14 verbose stack     at emitTwo (events.js:100:13)
14 verbose stack     at ChildProcess.emit (events.js:185:7)
14 verbose stack     at maybeClose (internal/child_process.js:850:16)
14 verbose stack     at Process.ChildProcess._handle.onexit (internal/child_process.js:215:5)
15 verbose pkgid koanext@1.0.0
16 verbose cwd D:\vingo\github\koanext
17 error Windows_NT 10.0.10586
18 error argv "D:\\Program Files\\nodejs\\node.exe" "D:\\Program Files\\nodejs\\node_modules\\npm\\bin\\npm-cli.js" "run" "debug"
19 error node v5.9.0
20 error npm  v3.7.3
21 error code ELIFECYCLE
22 error koanext@1.0.0 debug: `babel src -d lib && node-debug lib/app.js`
22 error Exit status 1
23 error Failed at the koanext@1.0.0 debug script 'babel src -d lib && node-debug lib/app.js'.
23 error Make sure you have the latest version of node.js and npm installed.
23 error If you do, this is most likely a problem with the koanext package,
23 error not with npm itself.
23 error Tell the author that this fails on your system:
23 error     babel src -d lib && node-debug lib/app.js
23 error You can get information on how to open an issue for this project with:
23 error     npm bugs koanext
23 error Or if that isn't available, you can get their info via:
23 error     npm owner ls koanext
23 error There is likely additional logging output above.
24 verbose exit [ 1, true ]
